# JRE version: OpenJDK Runtime Environment Temurin-17.0.7+7 (17.0.7+7) (build 17.0.7+7)
# Java VM: OpenJDK 64-Bit Server VM Temurin-17.0.7+7 (17.0.7+7, mixed mode, sharing, tiered, compressed oops, compressed class ptrs, parallel gc, windows-amd64)
GC Precious Log:
 CPUs: 16 total, 16 available
 Memory: 32608M
 Large Page Support: Disabled
 NUMA Support: Disabled
 Compressed Oops: Enabled (32-bit)
 Alignments: Space 512K, Generation 512K, Heap 2M
 Heap Min Capacity: 100M
 Heap Initial Capacity: 100M
 Heap Max Capacity: 1G
 Pre-touch: Disabled
 Parallel Workers: 13
Heap:
 PSYoungGen      total 6656K, used 2734K [0x00000000eab00000, 0x00000000eb300000, 0x0000000100000000)
  eden space 5120K, 31% used [0x00000000eab00000,0x00000000eac93910,0x00000000eb000000)
  from space 1536K, 72% used [0x00000000eb000000,0x00000000eb118018,0x00000000eb180000)
  to   space 1536K, 0% used [0x00000000eb180000,0x00000000eb180000,0x00000000eb300000)
 ParOldGen       total 114176K, used 90391K [0x00000000c0000000, 0x00000000c6f80000, 0x00000000eab00000)
  object space 114176K, 79% used [0x00000000c0000000,0x00000000c5845d68,0x00000000c6f80000)
 Metaspace       used 54957K, committed 55936K, reserved 1114112K
  class space    used 6169K, committed 6592K, reserved 1048576K
GC Heap History (20 events):
Event: 12.571 GC heap before
{Heap before GC invocations=54 (full 3):
 PSYoungGen      total 7680K, used 7385K [0x00000000eab00000, 0x00000000eb400000, 0x0000000100000000)
  eden space 6144K, 100% used [0x00000000eab00000,0x00000000eb100000,0x00000000eb100000)
  from space 1536K, 80% used [0x00000000eb180000,0x00000000eb2b65e8,0x00000000eb300000)
  to   space 1024K, 0% used [0x00000000eb300000,0x00000000eb300000,0x00000000eb400000)
 ParOldGen       total 90112K, used 77507K [0x00000000c0000000, 0x00000000c5800000, 0x00000000eab00000)
  object space 90112K, 86% used [0x00000000c0000000,0x00000000c4bb0f10,0x00000000c5800000)
 Metaspace       used 54827K, committed 55744K, reserved 1114112K
  class space    used 6138K, committed 6528K, reserved 1048576K
}
Event: 12.572 GC heap after
{Heap after GC invocations=54 (full 3):
 PSYoungGen      total 7168K, used 1013K [0x00000000eab00000, 0x00000000eb400000, 0x0000000100000000)
  eden space 6144K, 0% used [0x00000000eab00000,0x00000000eab00000,0x00000000eb100000)
  from space 1024K, 98% used [0x00000000eb300000,0x00000000eb3fd660,0x00000000eb400000)
  to   space 1536K, 0% used [0x00000000eb100000,0x00000000eb100000,0x00000000eb280000)
 ParOldGen       total 90112K, used 78647K [0x00000000c0000000, 0x00000000c5800000, 0x00000000eab00000)
  object space 90112K, 87% used [0x00000000c0000000,0x00000000c4ccddf0,0x00000000c5800000)
 Metaspace       used 54827K, committed 55744K, reserved 1114112K
  class space    used 6138K, committed 6528K, reserved 1048576K
}
Event: 12.605 GC heap before
{Heap before GC invocations=55 (full 3):
 PSYoungGen      total 7168K, used 7157K [0x00000000eab00000, 0x00000000eb400000, 0x0000000100000000)
  eden space 6144K, 100% used [0x00000000eab00000,0x00000000eb100000,0x00000000eb100000)
  from space 1024K, 98% used [0x00000000eb300000,0x00000000eb3fd660,0x00000000eb400000)
  to   space 1536K, 0% used [0x00000000eb100000,0x00000000eb100000,0x00000000eb280000)
 ParOldGen       total 90112K, used 78647K [0x00000000c0000000, 0x00000000c5800000, 0x00000000eab00000)
  object space 90112K, 87% used [0x00000000c0000000,0x00000000c4ccddf0,0x00000000c5800000)
 Metaspace       used 54829K, committed 55744K, reserved 1114112K
  class space    used 6138K, committed 6528K, reserved 1048576K
}
Event: 12.608 GC heap after
{Heap after GC invocations=55 (full 3):
 PSYoungGen      total 7680K, used 1525K [0x00000000eab00000, 0x00000000eb700000, 0x0000000100000000)
  eden space 6144K, 0% used [0x00000000eab00000,0x00000000eab00000,0x00000000eb100000)
  from space 1536K, 99% used [0x00000000eb100000,0x00000000eb27d620,0x00000000eb280000)
  to   space 3072K, 0% used [0x00000000eb400000,0x00000000eb400000,0x00000000eb700000)
 ParOldGen       total 90112K, used 79480K [0x00000000c0000000, 0x00000000c5800000, 0x00000000eab00000)
  object space 90112K, 88% used [0x00000000c0000000,0x00000000c4d9e3e8,0x00000000c5800000)
 Metaspace       used 54829K, committed 55744K, reserved 1114112K
  class space    used 6138K, committed 6528K, reserved 1048576K
}
Event: 12.646 GC heap before
{Heap before GC invocations=56 (full 3):
 PSYoungGen      total 7680K, used 7669K [0x00000000eab00000, 0x00000000eb700000, 0x0000000100000000)
  eden space 6144K, 100% used [0x00000000eab00000,0x00000000eb100000,0x00000000eb100000)
  from space 1536K, 99% used [0x00000000eb100000,0x00000000eb27d620,0x00000000eb280000)
  to   space 3072K, 0% used [0x00000000eb400000,0x00000000eb400000,0x00000000eb700000)
 ParOldGen       total 90112K, used 79480K [0x00000000c0000000, 0x00000000c5800000, 0x00000000eab00000)
  object space 90112K, 88% used [0x00000000c0000000,0x00000000c4d9e3e8,0x00000000c5800000)
 Metaspace       used 54830K, committed 55744K, reserved 1114112K
  class space    used 6138K, committed 6528K, reserved 1048576K
}
Event: 12.647 GC heap after
{Heap after GC invocations=56 (full 3):
 PSYoungGen      total 9216K, used 2522K [0x00000000eab00000, 0x00000000eb700000, 0x0000000100000000)
  eden space 6144K, 0% used [0x00000000eab00000,0x00000000eab00000,0x00000000eb100000)
  from space 3072K, 82% used [0x00000000eb400000,0x00000000eb676a38,0x00000000eb700000)
  to   space 3072K, 0% used [0x00000000eb100000,0x00000000eb100000,0x00000000eb400000)
 ParOldGen       total 90112K, used 80577K [0x00000000c0000000, 0x00000000c5800000, 0x00000000eab00000)
  object space 90112K, 89% used [0x00000000c0000000,0x00000000c4eb0468,0x00000000c5800000)
 Metaspace       used 54830K, committed 55744K, reserved 1114112K
  class space    used 6138K, committed 6528K, reserved 1048576K
}
Event: 12.687 GC heap before
{Heap before GC invocations=57 (full 3):
 PSYoungGen      total 9216K, used 8666K [0x00000000eab00000, 0x00000000eb700000, 0x0000000100000000)
  eden space 6144K, 100% used [0x00000000eab00000,0x00000000eb100000,0x00000000eb100000)
  from space 3072K, 82% used [0x00000000eb400000,0x00000000eb676a38,0x00000000eb700000)
  to   space 3072K, 0% used [0x00000000eb100000,0x00000000eb100000,0x00000000eb400000)
 ParOldGen       total 90112K, used 80577K [0x00000000c0000000, 0x00000000c5800000, 0x00000000eab00000)
  object space 90112K, 89% used [0x00000000c0000000,0x00000000c4eb0468,0x00000000c5800000)
 Metaspace       used 54835K, committed 55744K, reserved 1114112K
  class space    used 6138K, committed 6528K, reserved 1048576K
}
Event: 12.689 GC heap after
{Heap after GC invocations=57 (full 3):
 PSYoungGen      total 8192K, used 1926K [0x00000000eab00000, 0x00000000eb600000, 0x0000000100000000)
  eden space 6144K, 0% used [0x00000000eab00000,0x00000000eab00000,0x00000000eb100000)
  from space 2048K, 94% used [0x00000000eb100000,0x00000000eb2e1bd8,0x00000000eb300000)
  to   space 2560K, 0% used [0x00000000eb380000,0x00000000eb380000,0x00000000eb600000)
 ParOldGen       total 90112K, used 82937K [0x00000000c0000000, 0x00000000c5800000, 0x00000000eab00000)
  object space 90112K, 92% used [0x00000000c0000000,0x00000000c50fe718,0x00000000c5800000)
 Metaspace       used 54835K, committed 55744K, reserved 1114112K
  class space    used 6138K, committed 6528K, reserved 1048576K
}
Event: 12.719 GC heap before
{Heap before GC invocations=58 (full 3):
 PSYoungGen      total 8192K, used 8009K [0x00000000eab00000, 0x00000000eb600000, 0x0000000100000000)
  eden space 6144K, 99% used [0x00000000eab00000,0x00000000eb0f0b98,0x00000000eb100000)
  from space 2048K, 94% used [0x00000000eb100000,0x00000000eb2e1bd8,0x00000000eb300000)
  to   space 2560K, 0% used [0x00000000eb380000,0x00000000eb380000,0x00000000eb600000)
 ParOldGen       total 90112K, used 82937K [0x00000000c0000000, 0x00000000c5800000, 0x00000000eab00000)
  object space 90112K, 92% used [0x00000000c0000000,0x00000000c50fe718,0x00000000c5800000)
 Metaspace       used 54849K, committed 55744K, reserved 1114112K
  class space    used 6138K, committed 6528K, reserved 1048576K
}
Event: 12.720 GC heap after
{Heap after GC invocations=58 (full 3):
 PSYoungGen      total 8704K, used 2224K [0x00000000eab00000, 0x00000000eb600000, 0x0000000100000000)
  eden space 6144K, 0% used [0x00000000eab00000,0x00000000eab00000,0x00000000eb100000)
  from space 2560K, 86% used [0x00000000eb380000,0x00000000eb5ac0b0,0x00000000eb600000)
  to   space 2560K, 0% used [0x00000000eb100000,0x00000000eb100000,0x00000000eb380000)
 ParOldGen       total 90112K, used 84691K [0x00000000c0000000, 0x00000000c5800000, 0x00000000eab00000)
  object space 90112K, 93% used [0x00000000c0000000,0x00000000c52b4ed0,0x00000000c5800000)
 Metaspace       used 54849K, committed 55744K, reserved 1114112K
  class space    used 6138K, committed 6528K, reserved 1048576K
}
Event: 12.749 GC heap before
{Heap before GC invocations=59 (full 3):
 PSYoungGen      total 8704K, used 8368K [0x00000000eab00000, 0x00000000eb600000, 0x0000000100000000)
  eden space 6144K, 100% used [0x00000000eab00000,0x00000000eb100000,0x00000000eb100000)
  from space 2560K, 86% used [0x00000000eb380000,0x00000000eb5ac0b0,0x00000000eb600000)
  to   space 2560K, 0% used [0x00000000eb100000,0x00000000eb100000,0x00000000eb380000)
 ParOldGen       total 90112K, used 84691K [0x00000000c0000000, 0x00000000c5800000, 0x00000000eab00000)
  object space 90112K, 93% used [0x00000000c0000000,0x00000000c52b4ed0,0x00000000c5800000)
 Metaspace       used 54852K, committed 55744K, reserved 1114112K
  class space    used 6138K, committed 6528K, reserved 1048576K
}
Event: 12.752 GC heap after
{Heap after GC invocations=59 (full 3):
 PSYoungGen      total 8192K, used 1827K [0x00000000eab00000, 0x00000000eb500000, 0x0000000100000000)
  eden space 6144K, 0% used [0x00000000eab00000,0x00000000eab00000,0x00000000eb100000)
  from space 2048K, 89% used [0x00000000eb100000,0x00000000eb2c8c48,0x00000000eb300000)
  to   space 2048K, 0% used [0x00000000eb300000,0x00000000eb300000,0x00000000eb500000)
 ParOldGen       total 90112K, used 86700K [0x00000000c0000000, 0x00000000c5800000, 0x00000000eab00000)
  object space 90112K, 96% used [0x00000000c0000000,0x00000000c54ab1a8,0x00000000c5800000)
 Metaspace       used 54852K, committed 55744K, reserved 1114112K
  class space    used 6138K, committed 6528K, reserved 1048576K
}
Event: 12.773 GC heap before
{Heap before GC invocations=60 (full 3):
 PSYoungGen      total 8192K, used 7971K [0x00000000eab00000, 0x00000000eb500000, 0x0000000100000000)
  eden space 6144K, 100% used [0x00000000eab00000,0x00000000eb100000,0x00000000eb100000)
  from space 2048K, 89% used [0x00000000eb100000,0x00000000eb2c8c48,0x00000000eb300000)
  to   space 2048K, 0% used [0x00000000eb300000,0x00000000eb300000,0x00000000eb500000)
 ParOldGen       total 90112K, used 86700K [0x00000000c0000000, 0x00000000c5800000, 0x00000000eab00000)
  object space 90112K, 96% used [0x00000000c0000000,0x00000000c54ab1f8,0x00000000c5800000)
 Metaspace       used 54855K, committed 55808K, reserved 1114112K
  class space    used 6139K, committed 6528K, reserved 1048576K
}
Event: 12.774 GC heap after
{Heap after GC invocations=60 (full 3):
 PSYoungGen      total 7680K, used 1166K [0x00000000eab00000, 0x00000000eb480000, 0x0000000100000000)
  eden space 6144K, 0% used [0x00000000eab00000,0x00000000eab00000,0x00000000eb100000)
  from space 1536K, 75% used [0x00000000eb300000,0x00000000eb423bc0,0x00000000eb480000)
  to   space 1536K, 0% used [0x00000000eb180000,0x00000000eb180000,0x00000000eb300000)
 ParOldGen       total 90112K, used 88307K [0x00000000c0000000, 0x00000000c5800000, 0x00000000eab00000)
  object space 90112K, 97% used [0x00000000c0000000,0x00000000c563cc38,0x00000000c5800000)
 Metaspace       used 54855K, committed 55808K, reserved 1114112K
  class space    used 6139K, committed 6528K, reserved 1048576K
}
Event: 12.808 GC heap before
{Heap before GC invocations=61 (full 3):
 PSYoungGen      total 7680K, used 7310K [0x00000000eab00000, 0x00000000eb480000, 0x0000000100000000)
  eden space 6144K, 100% used [0x00000000eab00000,0x00000000eb100000,0x00000000eb100000)
  from space 1536K, 75% used [0x00000000eb300000,0x00000000eb423bc0,0x00000000eb480000)
  to   space 1536K, 0% used [0x00000000eb180000,0x00000000eb180000,0x00000000eb300000)
 ParOldGen       total 90112K, used 88309K [0x00000000c0000000, 0x00000000c5800000, 0x00000000eab00000)
  object space 90112K, 97% used [0x00000000c0000000,0x00000000c563d5a8,0x00000000c5800000)
 Metaspace       used 54884K, committed 55872K, reserved 1114112K
  class space    used 6145K, committed 6592K, reserved 1048576K
}
Event: 12.809 GC heap after
{Heap after GC invocations=61 (full 3):
 PSYoungGen      total 7680K, used 1390K [0x00000000eab00000, 0x00000000eb400000, 0x0000000100000000)
  eden space 6144K, 0% used [0x00000000eab00000,0x00000000eab00000,0x00000000eb100000)
  from space 1536K, 90% used [0x00000000eb180000,0x00000000eb2db890,0x00000000eb300000)
  to   space 1024K, 0% used [0x00000000eb300000,0x00000000eb300000,0x00000000eb400000)
 ParOldGen       total 90112K, used 89266K [0x00000000c0000000, 0x00000000c5800000, 0x00000000eab00000)
  object space 90112K, 99% used [0x00000000c0000000,0x00000000c572c9d8,0x00000000c5800000)
 Metaspace       used 54884K, committed 55872K, reserved 1114112K
  class space    used 6145K, committed 6592K, reserved 1048576K
}
Event: 12.809 GC heap before
{Heap before GC invocations=62 (full 4):
 PSYoungGen      total 7680K, used 1390K [0x00000000eab00000, 0x00000000eb400000, 0x0000000100000000)
  eden space 6144K, 0% used [0x00000000eab00000,0x00000000eab00000,0x00000000eb100000)
  from space 1536K, 90% used [0x00000000eb180000,0x00000000eb2db890,0x00000000eb300000)
  to   space 1024K, 0% used [0x00000000eb300000,0x00000000eb300000,0x00000000eb400000)
 ParOldGen       total 90112K, used 89266K [0x00000000c0000000, 0x00000000c5800000, 0x00000000eab00000)
  object space 90112K, 99% used [0x00000000c0000000,0x00000000c572c9d8,0x00000000c5800000)
 Metaspace       used 54884K, committed 55872K, reserved 1114112K
  class space    used 6145K, committed 6592K, reserved 1048576K
}
Event: 12.886 GC heap after
{Heap after GC invocations=62 (full 4):
 PSYoungGen      total 7168K, used 0K [0x00000000eab00000, 0x00000000eb400000, 0x0000000100000000)
  eden space 6144K, 0% used [0x00000000eab00000,0x00000000eab00000,0x00000000eb100000)
  from space 1024K, 0% used [0x00000000eb300000,0x00000000eb300000,0x00000000eb400000)
  to   space 1536K, 0% used [0x00000000eb100000,0x00000000eb100000,0x00000000eb280000)
 ParOldGen       total 114176K, used 88134K [0x00000000c0000000, 0x00000000c6f80000, 0x00000000eab00000)
  object space 114176K, 77% used [0x00000000c0000000,0x00000000c56119a0,0x00000000c6f80000)
 Metaspace       used 54884K, committed 55872K, reserved 1114112K
  class space    used 6145K, committed 6592K, reserved 1048576K
}
Event: 12.919 GC heap before
{Heap before GC invocations=63 (full 4):
 PSYoungGen      total 7168K, used 6144K [0x00000000eab00000, 0x00000000eb400000, 0x0000000100000000)
  eden space 6144K, 100% used [0x00000000eab00000,0x00000000eb100000,0x00000000eb100000)
  from space 1024K, 0% used [0x00000000eb300000,0x00000000eb300000,0x00000000eb400000)
  to   space 1536K, 0% used [0x00000000eb100000,0x00000000eb100000,0x00000000eb280000)
 ParOldGen       total 114176K, used 88134K [0x00000000c0000000, 0x00000000c6f80000, 0x00000000eab00000)
  object space 114176K, 77% used [0x00000000c0000000,0x00000000c56119a0,0x00000000c6f80000)
 Metaspace       used 54909K, committed 55872K, reserved 1114112K
  class space    used 6154K, committed 6592K, reserved 1048576K
}
Event: 12.920 GC heap after
{Heap after GC invocations=63 (full 4):
 PSYoungGen      total 7680K, used 1328K [0x00000000eab00000, 0x00000000eb400000, 0x0000000100000000)
  eden space 6144K, 0% used [0x00000000eab00000,0x00000000eab00000,0x00000000eb100000)
  from space 1536K, 86% used [0x00000000eb100000,0x00000000eb24c1d0,0x00000000eb280000)
  to   space 1536K, 0% used [0x00000000eb280000,0x00000000eb280000,0x00000000eb400000)
 ParOldGen       total 114176K, used 88134K [0x00000000c0000000, 0x00000000c6f80000, 0x00000000eab00000)
  object space 114176K, 77% used [0x00000000c0000000,0x00000000c56119a0,0x00000000c6f80000)
 Metaspace       used 54909K, committed 55872K, reserved 1114112K
  class space    used 6154K, committed 6592K, reserved 1048576K
}

